<?xml version="1.0" encoding="UTF-8"?>
<!-- Generated by org.testng.reporters.JUnitXMLReporter -->
<testsuite hostname="INLT-DCD873A4" ignored="0" name="Default test" tests="7" failures="0" timestamp="13 Jun 2020 17:06:48 GMT" time="61.063" errors="0">
  <testcase name="TC001_LoginToDemoWebshop" time="4.884" classname="com.demoworkshop.qa.Test.DemoWorkShop_End_To_End"/>
  <testcase name="TC002_Verify_Demowebshop_Homepage_IsDisplayed" time="1.254" classname="com.demoworkshop.qa.Test.DemoWorkShop_End_To_End"/>
  <testcase name="TC003_SelectBooks_From_BooksPage" time="5.925" classname="com.demoworkshop.qa.Test.DemoWorkShop_End_To_End"/>
  <testcase name="TC004_SelectDesktops_From_ComputersPage" time="10.94" classname="com.demoworkshop.qa.Test.DemoWorkShop_End_To_End"/>
  <testcase name="TC005_SelectJewelry_From_JewelryPage" time="7.724" classname="com.demoworkshop.qa.Test.DemoWorkShop_End_To_End"/>
  <testcase name="TC006_SelectGiftCard_From_GiftCardPage" time="11.321" classname="com.demoworkshop.qa.Test.DemoWorkShop_End_To_End"/>
  <testcase name="TC007_SelectShippingCart_From_DemoWebShop" time="18.34" classname="com.demoworkshop.qa.Test.DemoWorkShop_End_To_End"/>
</testsuite> <!-- Default test -->
