<?xml version="1.0" encoding="UTF-8"?>
<!-- Generated by org.testng.reporters.JUnitXMLReporter -->
<testsuite hostname="INLT-DCD873A4" ignored="0" name="Default test" tests="7" failures="0" timestamp="13 Jun 2020 18:46:42 GMT" time="87.506" errors="0">
  <testcase name="TC001_LoginToDemoWebshop" time="14.819" classname="com.demoworkshop.qa.Test.DemoWorkShop_End_To_End"/>
  <testcase name="TC002_Verify_Demowebshop_Homepage_IsDisplayed" time="4.766" classname="com.demoworkshop.qa.Test.DemoWorkShop_End_To_End"/>
  <testcase name="TC003_SelectBooks_From_BooksPage" time="11.628" classname="com.demoworkshop.qa.Test.DemoWorkShop_End_To_End"/>
  <testcase name="TC004_SelectDesktops_From_ComputersPage" time="15.254" classname="com.demoworkshop.qa.Test.DemoWorkShop_End_To_End"/>
  <testcase name="TC005_SelectJewelry_From_JewelryPage" time="7.74" classname="com.demoworkshop.qa.Test.DemoWorkShop_End_To_End"/>
  <testcase name="TC006_SelectGiftCard_From_GiftCardPage" time="13.504" classname="com.demoworkshop.qa.Test.DemoWorkShop_End_To_End"/>
  <testcase name="TC007_SelectShippingCart_From_DemoWebShop" time="19.132" classname="com.demoworkshop.qa.Test.DemoWorkShop_End_To_End"/>
</testsuite> <!-- Default test -->
