<?xml version="1.0" encoding="UTF-8"?>
<testng-results skipped="0" failed="0" ignored="0" total="7" passed="7">
  <reporter-output>
    <line>
      <![CDATA[Verifying the home page is displayed]]>
    </line>
    <line>
      <![CDATA[Home page is displayed with expected :Tricentis Demo Web Shop is matched with Actual value : Tricentis Demo Web Shop]]>
    </line>
    <line>
      <![CDATA[Click on image of Health Book]]>
    </line>
    <line>
      <![CDATA[Verifying the computers page is displayed]]>
    </line>
    <line>
      <![CDATA[Home page is displayed with expected :Computers is matched with Actual value : Computers]]>
    </line>
    <line>
      <![CDATA[Clicking Desktop from Demo WebShop]]>
    </line>
    <line>
      <![CDATA[Select the Dropdown orderBy]]>
    </line>
    <line>
      <![CDATA[Select the Dropdown Display]]>
    </line>
    <line>
      <![CDATA[Select Simple Computer]]>
    </line>
    <line>
      <![CDATA[Entered The Quantityr]]>
    </line>
    <line>
      <![CDATA[Add to Cart first]]>
    </line>
    <line>
      <![CDATA[Close the Error]]>
    </line>
    <line>
      <![CDATA[Select the Processor]]>
    </line>
    <line>
      <![CDATA[Add to cart second]]>
    </line>
    <line>
      <![CDATA[Selecting Jewelry from demo webshop]]>
    </line>
    <line>
      <![CDATA[Verifying the Jewelry page is displayed]]>
    </line>
    <line>
      <![CDATA[Home page is displayed with expected :Jewelry is matched with Actual value : Jewelry]]>
    </line>
    <line>
      <![CDATA[Selecting Dropdown orderBy]]>
    </line>
    <line>
      <![CDATA[Selecting Dropdown List]]>
    </line>
    <line>
      <![CDATA[Add to the Cart first]]>
    </line>
    <line>
      <![CDATA[Entered cm for Jewelry]]>
    </line>
    <line>
      <![CDATA[Add to the Cart second]]>
    </line>
    <line>
      <![CDATA[Cliking gift Cards]]>
    </line>
    <line>
      <![CDATA[Verifying the Gift card page is displayed]]>
    </line>
    <line>
      <![CDATA[Home page is displayed with expected :Gift Cards is matched with Actual value : Gift Cards]]>
    </line>
    <line>
      <![CDATA[Select The Dropdown of OrderBy]]>
    </line>
    <line>
      <![CDATA[Select The Dropdown of Display]]>
    </line>
    <line>
      <![CDATA[Clicking Virtual gift card]]>
    </line>
    <line>
      <![CDATA[Adding the Quantity]]>
    </line>
    <line>
      <![CDATA[Clicking Add to cart first]]>
    </line>
    <line>
      <![CDATA[Close the error]]>
    </line>
    <line>
      <![CDATA[Enter the Recipient Name]]>
    </line>
    <line>
      <![CDATA[Enter the Recipient Email]]>
    </line>
    <line>
      <![CDATA[Add to the Cart second]]>
    </line>
    <line>
      <![CDATA[Clicking Shipping cart]]>
    </line>
    <line>
      <![CDATA[Clicking agree checkbox]]>
    </line>
    <line>
      <![CDATA[Clicking Check Out]]>
    </line>
    <line>
      <![CDATA[Select Billing Address]]>
    </line>
    <line>
      <![CDATA[Clicking Billing Continue]]>
    </line>
    <line>
      <![CDATA[Select Shipping Adress]]>
    </line>
    <line>
      <![CDATA[Clicking Shipping Continue]]>
    </line>
    <line>
      <![CDATA[Select Shipping Method]]>
    </line>
    <line>
      <![CDATA[Clicking Continue Shipping]]>
    </line>
    <line>
      <![CDATA[Select Payment Method]]>
    </line>
    <line>
      <![CDATA[clicking payment method continue]]>
    </line>
    <line>
      <![CDATA[Clicking Payment information continue]]>
    </line>
    <line>
      <![CDATA[Clicking Confrim Order]]>
    </line>
  </reporter-output>
  <suite name="Default suite" duration-ms="61063" started-at="2020-06-13T17:05:47Z" finished-at="2020-06-13T17:06:48Z">
    <groups>
    </groups>
    <test name="Default test" duration-ms="61063" started-at="2020-06-13T17:05:47Z" finished-at="2020-06-13T17:06:48Z">
      <class name="com.demoworkshop.qa.Test.DemoWorkShop_End_To_End">
        <test-method status="PASS" signature="beforeSuite()[pri:0, instance:com.demoworkshop.qa.Test.DemoWorkShop_End_To_End@13eb8acf]" name="beforeSuite" is-config="true" duration-ms="3027" started-at="2020-06-13T22:35:44Z" finished-at="2020-06-13T22:35:47Z">
          <reporter-output>
          </reporter-output>
        </test-method> <!-- beforeSuite -->
        <test-method status="PASS" signature="beforeTest()[pri:0, instance:com.demoworkshop.qa.Test.DemoWorkShop_End_To_End@13eb8acf]" name="beforeTest" is-config="true" duration-ms="0" started-at="2020-06-13T22:35:47Z" finished-at="2020-06-13T22:35:47Z">
          <reporter-output>
          </reporter-output>
        </test-method> <!-- beforeTest -->
        <test-method status="PASS" signature="beforeClass()[pri:0, instance:com.demoworkshop.qa.Test.DemoWorkShop_End_To_End@13eb8acf]" name="beforeClass" is-config="true" duration-ms="4" started-at="2020-06-13T22:35:47Z" finished-at="2020-06-13T22:35:47Z">
          <reporter-output>
          </reporter-output>
        </test-method> <!-- beforeClass -->
        <test-method status="PASS" signature="TC001_LoginToDemoWebshop()[pri:1, instance:com.demoworkshop.qa.Test.DemoWorkShop_End_To_End@13eb8acf]" name="TC001_LoginToDemoWebshop" duration-ms="4884" started-at="2020-06-13T22:35:47Z" finished-at="2020-06-13T22:35:52Z">
          <reporter-output>
          </reporter-output>
        </test-method> <!-- TC001_LoginToDemoWebshop -->
        <test-method status="PASS" signature="beforeMethod()[pri:0, instance:com.demoworkshop.qa.Test.DemoWorkShop_End_To_End@13eb8acf]" name="beforeMethod" is-config="true" duration-ms="0" started-at="2020-06-13T22:35:47Z" finished-at="2020-06-13T22:35:47Z">
          <reporter-output>
          </reporter-output>
        </test-method> <!-- beforeMethod -->
        <test-method status="PASS" signature="getResult(org.testng.ITestResult)[pri:0, instance:com.demoworkshop.qa.Test.DemoWorkShop_End_To_End@13eb8acf]" name="getResult" is-config="true" duration-ms="348" started-at="2020-06-13T22:35:52Z" finished-at="2020-06-13T22:35:52Z">
          <params>
            <param index="0">
              <value>
                <![CDATA[[TestResult name=TC001_LoginToDemoWebshop status=SUCCESS method=DemoWorkShop_End_To_End.TC001_LoginToDemoWebshop()[pri:1, instance:com.demoworkshop.qa.Test.DemoWorkShop_End_To_End@13eb8acf] output={null}]]]>
              </value>
            </param>
          </params>
          <reporter-output>
          </reporter-output>
        </test-method> <!-- getResult -->
        <test-method status="PASS" signature="beforeMethod()[pri:0, instance:com.demoworkshop.qa.Test.DemoWorkShop_End_To_End@13eb8acf]" name="beforeMethod" is-config="true" duration-ms="0" started-at="2020-06-13T22:35:52Z" finished-at="2020-06-13T22:35:52Z">
          <reporter-output>
          </reporter-output>
        </test-method> <!-- beforeMethod -->
        <test-method status="PASS" signature="TC002_Verify_Demowebshop_Homepage_IsDisplayed()[pri:2, instance:com.demoworkshop.qa.Test.DemoWorkShop_End_To_End@13eb8acf]" name="TC002_Verify_Demowebshop_Homepage_IsDisplayed" duration-ms="1254" started-at="2020-06-13T22:35:52Z" finished-at="2020-06-13T22:35:53Z">
          <reporter-output>
            <line>
              <![CDATA[Verifying the home page is displayed]]>
            </line>
            <line>
              <![CDATA[Home page is displayed with expected :Tricentis Demo Web Shop is matched with Actual value : Tricentis Demo Web Shop]]>
            </line>
          </reporter-output>
        </test-method> <!-- TC002_Verify_Demowebshop_Homepage_IsDisplayed -->
        <test-method status="PASS" signature="getResult(org.testng.ITestResult)[pri:0, instance:com.demoworkshop.qa.Test.DemoWorkShop_End_To_End@13eb8acf]" name="getResult" is-config="true" duration-ms="47" started-at="2020-06-13T22:35:53Z" finished-at="2020-06-13T22:35:53Z">
          <params>
            <param index="0">
              <value>
                <![CDATA[[TestResult name=TC002_Verify_Demowebshop_Homepage_IsDisplayed status=SUCCESS method=DemoWorkShop_End_To_End.TC002_Verify_Demowebshop_Homepage_IsDisplayed()[pri:2, instance:com.demoworkshop.qa.Test.DemoWorkShop_End_To_End@13eb8acf] output=Verifying the home page is displayed]]]>
              </value>
            </param>
          </params>
          <reporter-output>
          </reporter-output>
        </test-method> <!-- getResult -->
        <test-method status="PASS" signature="beforeMethod()[pri:0, instance:com.demoworkshop.qa.Test.DemoWorkShop_End_To_End@13eb8acf]" name="beforeMethod" is-config="true" duration-ms="1" started-at="2020-06-13T22:35:53Z" finished-at="2020-06-13T22:35:53Z">
          <reporter-output>
          </reporter-output>
        </test-method> <!-- beforeMethod -->
        <test-method status="PASS" signature="TC003_SelectBooks_From_BooksPage()[pri:3, instance:com.demoworkshop.qa.Test.DemoWorkShop_End_To_End@13eb8acf]" name="TC003_SelectBooks_From_BooksPage" duration-ms="5925" started-at="2020-06-13T22:35:53Z" finished-at="2020-06-13T22:35:59Z">
          <reporter-output>
            <line>
              <![CDATA[Click on image of Health Book]]>
            </line>
          </reporter-output>
        </test-method> <!-- TC003_SelectBooks_From_BooksPage -->
        <test-method status="PASS" signature="getResult(org.testng.ITestResult)[pri:0, instance:com.demoworkshop.qa.Test.DemoWorkShop_End_To_End@13eb8acf]" name="getResult" is-config="true" duration-ms="39" started-at="2020-06-13T22:35:59Z" finished-at="2020-06-13T22:35:59Z">
          <params>
            <param index="0">
              <value>
                <![CDATA[[TestResult name=TC003_SelectBooks_From_BooksPage status=SUCCESS method=DemoWorkShop_End_To_End.TC003_SelectBooks_From_BooksPage()[pri:3, instance:com.demoworkshop.qa.Test.DemoWorkShop_End_To_End@13eb8acf] output=Click on image of Health Book]]]>
              </value>
            </param>
          </params>
          <reporter-output>
          </reporter-output>
        </test-method> <!-- getResult -->
        <test-method status="PASS" signature="beforeMethod()[pri:0, instance:com.demoworkshop.qa.Test.DemoWorkShop_End_To_End@13eb8acf]" name="beforeMethod" is-config="true" duration-ms="0" started-at="2020-06-13T22:35:59Z" finished-at="2020-06-13T22:35:59Z">
          <reporter-output>
          </reporter-output>
        </test-method> <!-- beforeMethod -->
        <test-method status="PASS" signature="TC004_SelectDesktops_From_ComputersPage()[pri:4, instance:com.demoworkshop.qa.Test.DemoWorkShop_End_To_End@13eb8acf]" name="TC004_SelectDesktops_From_ComputersPage" duration-ms="10940" started-at="2020-06-13T22:35:59Z" finished-at="2020-06-13T22:36:10Z">
          <reporter-output>
            <line>
              <![CDATA[Verifying the computers page is displayed]]>
            </line>
            <line>
              <![CDATA[Home page is displayed with expected :Computers is matched with Actual value : Computers]]>
            </line>
            <line>
              <![CDATA[Clicking Desktop from Demo WebShop]]>
            </line>
            <line>
              <![CDATA[Select the Dropdown orderBy]]>
            </line>
            <line>
              <![CDATA[Select the Dropdown Display]]>
            </line>
            <line>
              <![CDATA[Select Simple Computer]]>
            </line>
            <line>
              <![CDATA[Entered The Quantityr]]>
            </line>
            <line>
              <![CDATA[Add to Cart first]]>
            </line>
            <line>
              <![CDATA[Close the Error]]>
            </line>
            <line>
              <![CDATA[Select the Processor]]>
            </line>
            <line>
              <![CDATA[Add to cart second]]>
            </line>
          </reporter-output>
        </test-method> <!-- TC004_SelectDesktops_From_ComputersPage -->
        <test-method status="PASS" signature="getResult(org.testng.ITestResult)[pri:0, instance:com.demoworkshop.qa.Test.DemoWorkShop_End_To_End@13eb8acf]" name="getResult" is-config="true" duration-ms="41" started-at="2020-06-13T22:36:10Z" finished-at="2020-06-13T22:36:10Z">
          <params>
            <param index="0">
              <value>
                <![CDATA[[TestResult name=TC004_SelectDesktops_From_ComputersPage status=SUCCESS method=DemoWorkShop_End_To_End.TC004_SelectDesktops_From_ComputersPage()[pri:4, instance:com.demoworkshop.qa.Test.DemoWorkShop_End_To_End@13eb8acf] output=Verifying the computers page is displayed]]]>
              </value>
            </param>
          </params>
          <reporter-output>
          </reporter-output>
        </test-method> <!-- getResult -->
        <test-method status="PASS" signature="beforeMethod()[pri:0, instance:com.demoworkshop.qa.Test.DemoWorkShop_End_To_End@13eb8acf]" name="beforeMethod" is-config="true" duration-ms="1" started-at="2020-06-13T22:36:10Z" finished-at="2020-06-13T22:36:10Z">
          <reporter-output>
          </reporter-output>
        </test-method> <!-- beforeMethod -->
        <test-method status="PASS" signature="TC005_SelectJewelry_From_JewelryPage()[pri:5, instance:com.demoworkshop.qa.Test.DemoWorkShop_End_To_End@13eb8acf]" name="TC005_SelectJewelry_From_JewelryPage" duration-ms="7724" started-at="2020-06-13T22:36:10Z" finished-at="2020-06-13T22:36:18Z">
          <reporter-output>
            <line>
              <![CDATA[Selecting Jewelry from demo webshop]]>
            </line>
            <line>
              <![CDATA[Verifying the Jewelry page is displayed]]>
            </line>
            <line>
              <![CDATA[Home page is displayed with expected :Jewelry is matched with Actual value : Jewelry]]>
            </line>
            <line>
              <![CDATA[Selecting Dropdown orderBy]]>
            </line>
            <line>
              <![CDATA[Selecting Dropdown List]]>
            </line>
            <line>
              <![CDATA[Add to the Cart first]]>
            </line>
            <line>
              <![CDATA[Entered cm for Jewelry]]>
            </line>
            <line>
              <![CDATA[Add to the Cart second]]>
            </line>
          </reporter-output>
        </test-method> <!-- TC005_SelectJewelry_From_JewelryPage -->
        <test-method status="PASS" signature="getResult(org.testng.ITestResult)[pri:0, instance:com.demoworkshop.qa.Test.DemoWorkShop_End_To_End@13eb8acf]" name="getResult" is-config="true" duration-ms="35" started-at="2020-06-13T22:36:18Z" finished-at="2020-06-13T22:36:18Z">
          <params>
            <param index="0">
              <value>
                <![CDATA[[TestResult name=TC005_SelectJewelry_From_JewelryPage status=SUCCESS method=DemoWorkShop_End_To_End.TC005_SelectJewelry_From_JewelryPage()[pri:5, instance:com.demoworkshop.qa.Test.DemoWorkShop_End_To_End@13eb8acf] output=Selecting Jewelry from demo webshop]]]>
              </value>
            </param>
          </params>
          <reporter-output>
          </reporter-output>
        </test-method> <!-- getResult -->
        <test-method status="PASS" signature="beforeMethod()[pri:0, instance:com.demoworkshop.qa.Test.DemoWorkShop_End_To_End@13eb8acf]" name="beforeMethod" is-config="true" duration-ms="0" started-at="2020-06-13T22:36:18Z" finished-at="2020-06-13T22:36:18Z">
          <reporter-output>
          </reporter-output>
        </test-method> <!-- beforeMethod -->
        <test-method status="PASS" signature="TC006_SelectGiftCard_From_GiftCardPage()[pri:6, instance:com.demoworkshop.qa.Test.DemoWorkShop_End_To_End@13eb8acf]" name="TC006_SelectGiftCard_From_GiftCardPage" duration-ms="11321" started-at="2020-06-13T22:36:18Z" finished-at="2020-06-13T22:36:29Z">
          <reporter-output>
            <line>
              <![CDATA[Cliking gift Cards]]>
            </line>
            <line>
              <![CDATA[Verifying the Gift card page is displayed]]>
            </line>
            <line>
              <![CDATA[Home page is displayed with expected :Gift Cards is matched with Actual value : Gift Cards]]>
            </line>
            <line>
              <![CDATA[Select The Dropdown of OrderBy]]>
            </line>
            <line>
              <![CDATA[Select The Dropdown of Display]]>
            </line>
            <line>
              <![CDATA[Clicking Virtual gift card]]>
            </line>
            <line>
              <![CDATA[Adding the Quantity]]>
            </line>
            <line>
              <![CDATA[Clicking Add to cart first]]>
            </line>
            <line>
              <![CDATA[Close the error]]>
            </line>
            <line>
              <![CDATA[Enter the Recipient Name]]>
            </line>
            <line>
              <![CDATA[Enter the Recipient Email]]>
            </line>
            <line>
              <![CDATA[Add to the Cart second]]>
            </line>
          </reporter-output>
        </test-method> <!-- TC006_SelectGiftCard_From_GiftCardPage -->
        <test-method status="PASS" signature="getResult(org.testng.ITestResult)[pri:0, instance:com.demoworkshop.qa.Test.DemoWorkShop_End_To_End@13eb8acf]" name="getResult" is-config="true" duration-ms="24" started-at="2020-06-13T22:36:29Z" finished-at="2020-06-13T22:36:29Z">
          <params>
            <param index="0">
              <value>
                <![CDATA[[TestResult name=TC006_SelectGiftCard_From_GiftCardPage status=SUCCESS method=DemoWorkShop_End_To_End.TC006_SelectGiftCard_From_GiftCardPage()[pri:6, instance:com.demoworkshop.qa.Test.DemoWorkShop_End_To_End@13eb8acf] output=Cliking gift Cards]]]>
              </value>
            </param>
          </params>
          <reporter-output>
          </reporter-output>
        </test-method> <!-- getResult -->
        <test-method status="PASS" signature="TC007_SelectShippingCart_From_DemoWebShop()[pri:7, instance:com.demoworkshop.qa.Test.DemoWorkShop_End_To_End@13eb8acf]" name="TC007_SelectShippingCart_From_DemoWebShop" duration-ms="18340" started-at="2020-06-13T22:36:29Z" finished-at="2020-06-13T22:36:48Z">
          <reporter-output>
            <line>
              <![CDATA[Clicking Shipping cart]]>
            </line>
            <line>
              <![CDATA[Clicking agree checkbox]]>
            </line>
            <line>
              <![CDATA[Clicking Check Out]]>
            </line>
            <line>
              <![CDATA[Select Billing Address]]>
            </line>
            <line>
              <![CDATA[Clicking Billing Continue]]>
            </line>
            <line>
              <![CDATA[Select Shipping Adress]]>
            </line>
            <line>
              <![CDATA[Clicking Shipping Continue]]>
            </line>
            <line>
              <![CDATA[Select Shipping Method]]>
            </line>
            <line>
              <![CDATA[Clicking Continue Shipping]]>
            </line>
            <line>
              <![CDATA[Select Payment Method]]>
            </line>
            <line>
              <![CDATA[clicking payment method continue]]>
            </line>
            <line>
              <![CDATA[Clicking Payment information continue]]>
            </line>
            <line>
              <![CDATA[Clicking Confrim Order]]>
            </line>
          </reporter-output>
        </test-method> <!-- TC007_SelectShippingCart_From_DemoWebShop -->
        <test-method status="PASS" signature="beforeMethod()[pri:0, instance:com.demoworkshop.qa.Test.DemoWorkShop_End_To_End@13eb8acf]" name="beforeMethod" is-config="true" duration-ms="0" started-at="2020-06-13T22:36:29Z" finished-at="2020-06-13T22:36:29Z">
          <reporter-output>
          </reporter-output>
        </test-method> <!-- beforeMethod -->
        <test-method status="PASS" signature="getResult(org.testng.ITestResult)[pri:0, instance:com.demoworkshop.qa.Test.DemoWorkShop_End_To_End@13eb8acf]" name="getResult" is-config="true" duration-ms="30" started-at="2020-06-13T22:36:48Z" finished-at="2020-06-13T22:36:48Z">
          <params>
            <param index="0">
              <value>
                <![CDATA[[TestResult name=TC007_SelectShippingCart_From_DemoWebShop status=SUCCESS method=DemoWorkShop_End_To_End.TC007_SelectShippingCart_From_DemoWebShop()[pri:7, instance:com.demoworkshop.qa.Test.DemoWorkShop_End_To_End@13eb8acf] output=Clicking Shipping cart]]]>
              </value>
            </param>
          </params>
          <reporter-output>
          </reporter-output>
        </test-method> <!-- getResult -->
        <test-method status="PASS" signature="AfterClass()[pri:0, instance:com.demoworkshop.qa.Test.DemoWorkShop_End_To_End@13eb8acf]" name="AfterClass" is-config="true" duration-ms="0" started-at="2020-06-13T22:36:48Z" finished-at="2020-06-13T22:36:48Z">
          <reporter-output>
          </reporter-output>
        </test-method> <!-- AfterClass -->
        <test-method status="PASS" signature="afterTest()[pri:0, instance:com.demoworkshop.qa.Test.DemoWorkShop_End_To_End@13eb8acf]" name="afterTest" is-config="true" duration-ms="74" started-at="2020-06-13T22:36:48Z" finished-at="2020-06-13T22:36:48Z">
          <reporter-output>
          </reporter-output>
        </test-method> <!-- afterTest -->
        <test-method status="PASS" signature="afterSuite()[pri:0, instance:com.demoworkshop.qa.Test.DemoWorkShop_End_To_End@13eb8acf]" name="afterSuite" is-config="true" duration-ms="1214" started-at="2020-06-13T22:36:48Z" finished-at="2020-06-13T22:36:49Z">
          <reporter-output>
          </reporter-output>
        </test-method> <!-- afterSuite -->
      </class> <!-- com.demoworkshop.qa.Test.DemoWorkShop_End_To_End -->
    </test> <!-- Default test -->
  </suite> <!-- Default suite -->
</testng-results>
